<?xml version="1.0" encoding="UTF-8"?>
<testng-results skipped="0" failed="0" total="1" passed="1">
  <reporter-output>
  </reporter-output>
  <suite name="Default suite" duration-ms="74" started-at="2014-10-26T13:17:13Z" finished-at="2014-10-26T13:17:13Z">
    <groups>
    </groups>
    <test name="Default test" duration-ms="74" started-at="2014-10-26T13:17:13Z" finished-at="2014-10-26T13:17:13Z">
      <class name="jsd.core.tree.binarytree.DepthTreeTest">
        <test-method status="PASS" signature="setUp()[pri:0, instance:jsd.core.tree.binarytree.DepthTreeTest@1bb66a6b]" name="setUp" is-config="true" duration-ms="28" started-at="2014-10-26T18:47:13Z" finished-at="2014-10-26T18:47:13Z">
          <reporter-output>
          </reporter-output>
        </test-method> <!-- setUp -->
        <test-method status="PASS" signature="testDepth()[pri:0, instance:jsd.core.tree.binarytree.DepthTreeTest@1bb66a6b]" name="testDepth" duration-ms="16" started-at="2014-10-26T18:47:13Z" finished-at="2014-10-26T18:47:13Z">
          <reporter-output>
          </reporter-output>
        </test-method> <!-- testDepth -->
      </class> <!-- jsd.core.tree.binarytree.DepthTreeTest -->
    </test> <!-- Default test -->
  </suite> <!-- Default suite -->
</testng-results>
